build/app/intermediates/manifest_merge_blame_file/debug/manifest-merger-blame-debug-report.txt
1<?xml version="1.0" encoding="utf-8"?>
2<manifest xmlns:android="http://schemas.android.com/apk/res/android"
3    package="com.forever52.mobile"
4    android:versionCode="17"
5    android:versionName="4.5.0" >
6
7    <uses-sdk
8        android:minSdkVersion="22"
9        android:targetSdkVersion="32" />
10    <!--
11         Flutter needs it to communicate with the running application
12         to allow setting breakpoints, to provide hot reload, etc.
13    -->
14    <uses-permission android:name="android.permission.INTERNET" />
14-->src\main\AndroidManifest.xml:5:5-67
14-->src\main\AndroidManifest.xml:5:22-64
15    <uses-permission android:name="android.permission.USE_FINGERPRINT" />
15-->src\main\AndroidManifest.xml:4:5-73
15-->src\main\AndroidManifest.xml:4:22-71
16    <uses-permission android:name="android.permission.ACCESS_WIFI_STATE" />
16-->src\main\AndroidManifest.xml:6:5-76
16-->src\main\AndroidManifest.xml:6:22-73
17    <uses-permission android:name="android.permission.ACCESS_NETWORK_STATE" />
17-->src\main\AndroidManifest.xml:7:5-79
17-->src\main\AndroidManifest.xml:7:22-76
18    <uses-permission android:name="android.permission.WRITE_EXTERNAL_STORAGE" />
18-->src\main\AndroidManifest.xml:8:5-81
18-->src\main\AndroidManifest.xml:8:22-78
19    <uses-permission android:name="android.permission.READ_EXTERNAL_STORAGE" />
19-->src\main\AndroidManifest.xml:9:5-80
19-->src\main\AndroidManifest.xml:9:22-77
20    <uses-permission android:name="android.permission.ACCESS_FINE_LOCATION" />
20-->src\main\AndroidManifest.xml:10:5-79
20-->src\main\AndroidManifest.xml:10:22-76
21    <uses-permission android:name="android.permission.ACCESS_COARSE_LOCATION" />
21-->src\main\AndroidManifest.xml:11:5-81
21-->src\main\AndroidManifest.xml:11:22-78
22
23    <uses-feature android:name="android.hardware.camera" />
23-->src\main\AndroidManifest.xml:13:5-60
23-->src\main\AndroidManifest.xml:13:19-57
24    <uses-feature android:name="android.hardware.camera.autofocus" />
24-->src\main\AndroidManifest.xml:14:5-70
24-->src\main\AndroidManifest.xml:14:19-67
25
26    <uses-permission android:name="android.permission.CAMERA" />
26-->src\main\AndroidManifest.xml:16:5-65
26-->src\main\AndroidManifest.xml:16:22-62
27    <uses-permission android:name="android.permission.RECORD_AUDIO" />
27-->src\main\AndroidManifest.xml:17:5-71
27-->src\main\AndroidManifest.xml:17:22-68
28    <uses-permission android:name="android.permission.ACCESS_NETWORK_STATE" />
28-->src\main\AndroidManifest.xml:7:5-79
28-->src\main\AndroidManifest.xml:7:22-76
29    <uses-permission android:name="android.permission.CHANGE_NETWORK_STATE" />
29-->src\main\AndroidManifest.xml:19:5-79
29-->src\main\AndroidManifest.xml:19:22-76
30    <uses-permission android:name="android.permission.MODIFY_AUDIO_SETTINGS" />
30-->src\main\AndroidManifest.xml:20:5-80
30-->src\main\AndroidManifest.xml:20:22-77
31    <uses-permission android:name="android.permission.BLUETOOTH" />
31-->src\main\AndroidManifest.xml:21:5-68
31-->src\main\AndroidManifest.xml:21:22-65
32    <uses-permission android:name="android.permission.BLUETOOTH_ADMIN" />
32-->src\main\AndroidManifest.xml:22:5-74
32-->src\main\AndroidManifest.xml:22:22-71
33    <uses-permission android:name="android.permission.VIDEO_CAPTURE" />
33-->src\main\AndroidManifest.xml:23:5-72
33-->src\main\AndroidManifest.xml:23:22-69
34    <uses-permission android:name="android.permission.AUDIO_CAPTURE" />
34-->src\main\AndroidManifest.xml:24:5-72
34-->src\main\AndroidManifest.xml:24:22-69
35    <uses-permission android:name="android.permission.WAKE_LOCK" />
35-->[:firebase_messaging] AndroidManifest.xml:10:5-68
35-->[:firebase_messaging] AndroidManifest.xml:10:22-65
36
37    <queries>
37-->[:flutter_inappwebview] AndroidManifest.xml:9:5-13:15
38        <intent>
38-->[:flutter_inappwebview] AndroidManifest.xml:10:9-12:18
39            <action android:name="android.support.customtabs.action.CustomTabsService" />
39-->[:flutter_inappwebview] AndroidManifest.xml:11:13-90
39-->[:flutter_inappwebview] AndroidManifest.xml:11:21-87
40        </intent>
41
42        <package android:name="com.facebook.katana" />
42-->[com.facebook.android:audience-network-sdk:6.11.0] AndroidManifest.xml:12:9-55
42-->[com.facebook.android:audience-network-sdk:6.11.0] AndroidManifest.xml:12:18-52
43
44        <intent>
44-->[com.google.firebase:firebase-inappmessaging-display:20.1.2] AndroidManifest.xml:15:9-19:18
45            <action android:name="android.intent.action.VIEW" />
45-->src\main\AndroidManifest.xml:47:17-69
45-->src\main\AndroidManifest.xml:47:25-66
46
47            <data android:scheme="https" />
47-->src\main\AndroidManifest.xml:51:17-54:46
47-->src\main\AndroidManifest.xml:52:21-43
48        </intent> <!-- For browser content -->
49        <intent>
49-->[com.google.android.gms:play-services-ads-lite:20.6.0] AndroidManifest.xml:31:9-37:18
50            <action android:name="android.intent.action.VIEW" />
50-->src\main\AndroidManifest.xml:47:17-69
50-->src\main\AndroidManifest.xml:47:25-66
51
52            <category android:name="android.intent.category.BROWSABLE" />
52-->src\main\AndroidManifest.xml:49:17-78
52-->src\main\AndroidManifest.xml:49:27-75
53
54            <data android:scheme="https" />
54-->src\main\AndroidManifest.xml:51:17-54:46
54-->src\main\AndroidManifest.xml:52:21-43
55        </intent>
56    </queries> <!-- Create a unique permission for your app and use it so only your app can receive your OneSignal messages. -->
57    <permission
57-->[com.onesignal:OneSignal:4.7.3] AndroidManifest.xml:7:5-9:47
58        android:name="com.forever52.mobile.permission.C2D_MESSAGE"
58-->[com.onesignal:OneSignal:4.7.3] AndroidManifest.xml:8:9-63
59        android:protectionLevel="signature" />
59-->[com.onesignal:OneSignal:4.7.3] AndroidManifest.xml:9:9-44
60
61    <uses-permission android:name="com.forever52.mobile.permission.C2D_MESSAGE" /> <!-- c2dm RECEIVE are basic requirements for push messages through Google's FCM -->
61-->[com.onesignal:OneSignal:4.7.3] AndroidManifest.xml:11:5-79
61-->[com.onesignal:OneSignal:4.7.3] AndroidManifest.xml:11:22-76
62    <uses-permission android:name="com.google.android.c2dm.permission.RECEIVE" />
62-->[com.onesignal:OneSignal:4.7.3] AndroidManifest.xml:17:5-82
62-->[com.onesignal:OneSignal:4.7.3] AndroidManifest.xml:17:22-79
63    <!--
64 Required so the device vibrates on receiving a push notification.
65         Vibration settings of the device still apply.
66    -->
67    <uses-permission android:name="android.permission.VIBRATE" />
67-->[com.onesignal:OneSignal:4.7.3] AndroidManifest.xml:23:5-66
67-->[com.onesignal:OneSignal:4.7.3] AndroidManifest.xml:23:22-63
68    <!--
69 Use to restore notifications the user hasn't interacted with.
70         They could be missed notifications if the user reboots their device if this isn't in place.
71    -->
72    <uses-permission android:name="android.permission.RECEIVE_BOOT_COMPLETED" /> <!-- START: ShortcutBadger -->
72-->[com.onesignal:OneSignal:4.7.3] AndroidManifest.xml:29:5-81
72-->[com.onesignal:OneSignal:4.7.3] AndroidManifest.xml:29:22-78
73    <!-- Samsung -->
74    <uses-permission android:name="com.sec.android.provider.badge.permission.READ" />
74-->[com.onesignal:OneSignal:4.7.3] AndroidManifest.xml:31:5-86
74-->[com.onesignal:OneSignal:4.7.3] AndroidManifest.xml:31:22-83
75    <uses-permission android:name="com.sec.android.provider.badge.permission.WRITE" /> <!-- HTC -->
75-->[com.onesignal:OneSignal:4.7.3] AndroidManifest.xml:32:5-87
75-->[com.onesignal:OneSignal:4.7.3] AndroidManifest.xml:32:22-84
76    <uses-permission android:name="com.htc.launcher.permission.READ_SETTINGS" />
76-->[com.onesignal:OneSignal:4.7.3] AndroidManifest.xml:33:5-81
76-->[com.onesignal:OneSignal:4.7.3] AndroidManifest.xml:33:22-78
77    <uses-permission android:name="com.htc.launcher.permission.UPDATE_SHORTCUT" /> <!-- Sony -->
77-->[com.onesignal:OneSignal:4.7.3] AndroidManifest.xml:34:5-83
77-->[com.onesignal:OneSignal:4.7.3] AndroidManifest.xml:34:22-80
78    <uses-permission android:name="com.sonyericsson.home.permission.BROADCAST_BADGE" />
78-->[com.onesignal:OneSignal:4.7.3] AndroidManifest.xml:35:5-88
78-->[com.onesignal:OneSignal:4.7.3] AndroidManifest.xml:35:22-85
79    <uses-permission android:name="com.sonymobile.home.permission.PROVIDER_INSERT_BADGE" /> <!-- Apex -->
79-->[com.onesignal:OneSignal:4.7.3] AndroidManifest.xml:36:5-92
79-->[com.onesignal:OneSignal:4.7.3] AndroidManifest.xml:36:22-89
80    <uses-permission android:name="com.anddoes.launcher.permission.UPDATE_COUNT" /> <!-- Solid -->
80-->[com.onesignal:OneSignal:4.7.3] AndroidManifest.xml:37:5-84
80-->[com.onesignal:OneSignal:4.7.3] AndroidManifest.xml:37:22-81
81    <uses-permission android:name="com.majeur.launcher.permission.UPDATE_BADGE" /> <!-- Huawei -->
81-->[com.onesignal:OneSignal:4.7.3] AndroidManifest.xml:38:5-83
81-->[com.onesignal:OneSignal:4.7.3] AndroidManifest.xml:38:22-80
82    <uses-permission android:name="com.huawei.android.launcher.permission.CHANGE_BADGE" />
82-->[com.onesignal:OneSignal:4.7.3] AndroidManifest.xml:39:5-91
82-->[com.onesignal:OneSignal:4.7.3] AndroidManifest.xml:39:22-88
83    <uses-permission android:name="com.huawei.android.launcher.permission.READ_SETTINGS" />
83-->[com.onesignal:OneSignal:4.7.3] AndroidManifest.xml:40:5-92
83-->[com.onesignal:OneSignal:4.7.3] AndroidManifest.xml:40:22-89
84    <uses-permission android:name="com.huawei.android.launcher.permission.WRITE_SETTINGS" /> <!-- ZUK -->
84-->[com.onesignal:OneSignal:4.7.3] AndroidManifest.xml:41:5-93
84-->[com.onesignal:OneSignal:4.7.3] AndroidManifest.xml:41:22-90
85    <uses-permission android:name="android.permission.READ_APP_BADGE" /> <!-- OPPO -->
85-->[com.onesignal:OneSignal:4.7.3] AndroidManifest.xml:42:5-73
85-->[com.onesignal:OneSignal:4.7.3] AndroidManifest.xml:42:22-70
86    <uses-permission android:name="com.oppo.launcher.permission.READ_SETTINGS" />
86-->[com.onesignal:OneSignal:4.7.3] AndroidManifest.xml:43:5-82
86-->[com.onesignal:OneSignal:4.7.3] AndroidManifest.xml:43:22-79
87    <uses-permission android:name="com.oppo.launcher.permission.WRITE_SETTINGS" /> <!-- EvMe -->
87-->[com.onesignal:OneSignal:4.7.3] AndroidManifest.xml:44:5-83
87-->[com.onesignal:OneSignal:4.7.3] AndroidManifest.xml:44:22-80
88    <uses-permission android:name="me.everything.badger.permission.BADGE_COUNT_READ" />
88-->[com.onesignal:OneSignal:4.7.3] AndroidManifest.xml:45:5-88
88-->[com.onesignal:OneSignal:4.7.3] AndroidManifest.xml:45:22-85
89    <uses-permission android:name="me.everything.badger.permission.BADGE_COUNT_WRITE" />
89-->[com.onesignal:OneSignal:4.7.3] AndroidManifest.xml:46:5-89
89-->[com.onesignal:OneSignal:4.7.3] AndroidManifest.xml:46:22-86
90    <uses-permission android:name="com.google.android.finsky.permission.BIND_GET_INSTALL_REFERRER_SERVICE" />
90-->[com.google.android.gms:play-services-measurement:21.0.0] AndroidManifest.xml:26:5-110
90-->[com.google.android.gms:play-services-measurement:21.0.0] AndroidManifest.xml:26:22-107
91    <uses-permission android:name="com.google.android.gms.permission.AD_ID" />
91-->[com.google.android.gms:play-services-measurement-api:21.0.0] AndroidManifest.xml:25:5-79
91-->[com.google.android.gms:play-services-measurement-api:21.0.0] AndroidManifest.xml:25:22-76
92    <uses-permission android:name="android.permission.USE_BIOMETRIC" />
92-->[androidx.biometric:biometric:1.1.0] AndroidManifest.xml:24:5-72
92-->[androidx.biometric:biometric:1.1.0] AndroidManifest.xml:24:22-69
93    <uses-permission android:name="android.permission.FOREGROUND_SERVICE" />
93-->[androidx.work:work-runtime:2.7.0] AndroidManifest.xml:28:5-77
93-->[androidx.work:work-runtime:2.7.0] AndroidManifest.xml:28:22-74
94
95    <application
95-->src\main\AndroidManifest.xml:26:5-89:19
96        android:appComponentFactory="androidx.core.app.CoreComponentFactory"
96-->[androidx.core:core:1.7.0] AndroidManifest.xml:24:18-86
97        android:debuggable="true"
98        android:hardwareAccelerated="true"
98-->[:facebook_audience_network] AndroidManifest.xml:9:18-52
99        android:icon="@mipmap/ic_launcher"
99-->src\main\AndroidManifest.xml:27:9-43
100        android:label="forever52 Tunisia"
100-->src\main\AndroidManifest.xml:28:9-42
101        android:requestLegacyExternalStorage="true"
101-->src\main\AndroidManifest.xml:29:9-52
102        android:usesCleartextTraffic="true" >
102-->src\main\AndroidManifest.xml:30:9-44
103        <meta-data
103-->src\main\AndroidManifest.xml:33:9-35:70
104            android:name="com.google.android.gms.ads.APPLICATION_ID"
104-->src\main\AndroidManifest.xml:34:13-69
105            android:value="ca-app-pub-3940256099942544~3347511713" />
105-->src\main\AndroidManifest.xml:35:13-67
106
107        <activity
107-->src\main\AndroidManifest.xml:37:9-72:20
108            android:name="com.mighty.web.MainActivity"
108-->src\main\AndroidManifest.xml:38:13-55
109            android:configChanges="orientation|keyboardHidden|keyboard|screenSize|smallestScreenSize|locale|layoutDirection|fontScale|screenLayout|density|uiMode"
109-->src\main\AndroidManifest.xml:39:13-163
110            android:exported="true"
110-->src\main\AndroidManifest.xml:42:13-36
111            android:hardwareAccelerated="true"
111-->src\main\AndroidManifest.xml:40:13-47
112            android:launchMode="singleTop"
112-->src\main\AndroidManifest.xml:41:13-43
113            android:theme="@style/LaunchTheme"
113-->src\main\AndroidManifest.xml:43:13-47
114            android:windowSoftInputMode="adjustResize" >
114-->src\main\AndroidManifest.xml:44:13-55
115            <intent-filter>
115-->src\main\AndroidManifest.xml:46:13-55:29
116                <action android:name="android.intent.action.VIEW" />
116-->src\main\AndroidManifest.xml:47:17-69
116-->src\main\AndroidManifest.xml:47:25-66
117
118                <category android:name="android.intent.category.DEFAULT" />
118-->src\main\AndroidManifest.xml:48:17-76
118-->src\main\AndroidManifest.xml:48:27-73
119                <category android:name="android.intent.category.BROWSABLE" />
119-->src\main\AndroidManifest.xml:49:17-78
119-->src\main\AndroidManifest.xml:49:27-75
120
121                <data
121-->src\main\AndroidManifest.xml:51:17-54:46
122                    android:host="www.google.com"
122-->src\main\AndroidManifest.xml:53:21-50
123                    android:path="/search"
123-->src\main\AndroidManifest.xml:54:21-43
124                    android:scheme="https" />
124-->src\main\AndroidManifest.xml:52:21-43
125            </intent-filter>
126
127            <meta-data
127-->src\main\AndroidManifest.xml:57:13-59:57
128                android:name="io.flutter.embedding.android.NormalTheme"
128-->src\main\AndroidManifest.xml:58:17-72
129                android:resource="@style/NormalTheme" />
129-->src\main\AndroidManifest.xml:59:17-54
130            <meta-data
130-->src\main\AndroidManifest.xml:61:13-63:66
131                android:name="io.flutter.embedding.android.SplashScreenDrawable"
131-->src\main\AndroidManifest.xml:62:17-81
132                android:resource="@drawable/launch_background" />
132-->src\main\AndroidManifest.xml:63:17-63
133
134            <intent-filter>
134-->src\main\AndroidManifest.xml:65:13-70:29
135                <action android:name="android.intent.action.MAIN" />
135-->src\main\AndroidManifest.xml:66:17-69
135-->src\main\AndroidManifest.xml:66:25-66
136                <action android:name="android.intent.action.VIEW" />
136-->src\main\AndroidManifest.xml:47:17-69
136-->src\main\AndroidManifest.xml:47:25-66
137
138                <category android:name="android.intent.category.LAUNCHER" />
138-->src\main\AndroidManifest.xml:69:17-77
138-->src\main\AndroidManifest.xml:69:27-74
139            </intent-filter>
140        </activity>
141
142        <meta-data
142-->src\main\AndroidManifest.xml:74:9-76:33
143            android:name="flutterEmbedding"
143-->src\main\AndroidManifest.xml:75:13-44
144            android:value="2" />
144-->src\main\AndroidManifest.xml:76:13-30
145
146        <provider
147            android:name="com.pichillilorenzo.flutter_inappwebview.InAppWebViewFileProvider"
148            android:authorities="com.forever52.mobile.flutter_inappwebview.fileprovider"
149            android:exported="false"
150            android:grantUriPermissions="true" >
151            <meta-data
151-->[:share_plus] AndroidManifest.xml:15:13-17:68
152                android:name="android.support.FILE_PROVIDER_PATHS"
152-->[:share_plus] AndroidManifest.xml:16:17-67
153                android:resource="@xml/file_paths" />
153-->[:share_plus] AndroidManifest.xml:17:17-65
154        </provider>
155
156        <meta-data
156-->src\main\AndroidManifest.xml:87:9-91
157            android:name="com.onesignal.suppressLaunchURLs"
157-->src\main\AndroidManifest.xml:87:20-67
158            android:value="true" />
158-->src\main\AndroidManifest.xml:87:68-88
159
160        <service
160-->[:firebase_in_app_messaging] AndroidManifest.xml:10:9-14:19
161            android:name="com.google.firebase.components.ComponentDiscoveryService"
161-->[:firebase_in_app_messaging] AndroidManifest.xml:10:18-89
162            android:directBootAware="true"
162-->[com.google.firebase:firebase-common:20.1.1] AndroidManifest.xml:35:13-43
163            android:exported="false" >
163-->[com.google.android.gms:play-services-measurement-api:21.0.0] AndroidManifest.xml:30:13-37
164            <meta-data
164-->[:firebase_in_app_messaging] AndroidManifest.xml:11:13-13:85
165                android:name="com.google.firebase.components:io.flutter.plugins.firebase.inappmessaging.FlutterFirebaseAppRegistrar"
165-->[:firebase_in_app_messaging] AndroidManifest.xml:12:17-133
166                android:value="com.google.firebase.components.ComponentRegistrar" />
166-->[:firebase_in_app_messaging] AndroidManifest.xml:13:17-82
167            <meta-data
167-->[:firebase_messaging] AndroidManifest.xml:36:13-38:85
168                android:name="com.google.firebase.components:io.flutter.plugins.firebase.messaging.FlutterFirebaseAppRegistrar"
168-->[:firebase_messaging] AndroidManifest.xml:37:17-128
169                android:value="com.google.firebase.components.ComponentRegistrar" />
169-->[:firebase_messaging] AndroidManifest.xml:38:17-82
170            <meta-data
170-->[:firebase_core] AndroidManifest.xml:11:13-13:85
171                android:name="com.google.firebase.components:io.flutter.plugins.firebase.core.FlutterFirebaseCoreRegistrar"
171-->[:firebase_core] AndroidManifest.xml:12:17-124
172                android:value="com.google.firebase.components.ComponentRegistrar" />
172-->[:firebase_core] AndroidManifest.xml:13:17-82
173            <meta-data
173-->[com.google.android.gms:play-services-measurement-api:21.0.0] AndroidManifest.xml:31:13-33:85
174                android:name="com.google.firebase.components:com.google.firebase.analytics.connector.internal.AnalyticsConnectorRegistrar"
174-->[com.google.android.gms:play-services-measurement-api:21.0.0] AndroidManifest.xml:32:17-139
175                android:value="com.google.firebase.components.ComponentRegistrar" />
175-->[com.google.android.gms:play-services-measurement-api:21.0.0] AndroidManifest.xml:33:17-82
176            <meta-data
176-->[com.google.firebase:firebase-messaging:23.0.5] AndroidManifest.xml:55:13-57:85
177                android:name="com.google.firebase.components:com.google.firebase.messaging.FirebaseMessagingRegistrar"
177-->[com.google.firebase:firebase-messaging:23.0.5] AndroidManifest.xml:56:17-119
178                android:value="com.google.firebase.components.ComponentRegistrar" />
178-->[com.google.firebase:firebase-messaging:23.0.5] AndroidManifest.xml:57:17-82
179            <meta-data
179-->[com.google.firebase:firebase-inappmessaging-display:20.1.2] AndroidManifest.xml:26:13-28:85
180                android:name="com.google.firebase.components:com.google.firebase.inappmessaging.display.FirebaseInAppMessagingDisplayRegistrar"
180-->[com.google.firebase:firebase-inappmessaging-display:20.1.2] AndroidManifest.xml:27:17-144
181                android:value="com.google.firebase.components.ComponentRegistrar" />
181-->[com.google.firebase:firebase-inappmessaging-display:20.1.2] AndroidManifest.xml:28:17-82
182            <meta-data
182-->[com.google.firebase:firebase-inappmessaging:20.1.2] AndroidManifest.xml:17:13-19:85
183                android:name="com.google.firebase.components:com.google.firebase.inappmessaging.FirebaseInAppMessagingRegistrar"
183-->[com.google.firebase:firebase-inappmessaging:20.1.2] AndroidManifest.xml:18:17-129
184                android:value="com.google.firebase.components.ComponentRegistrar" />
184-->[com.google.firebase:firebase-inappmessaging:20.1.2] AndroidManifest.xml:19:17-82
185            <meta-data
185-->[com.google.firebase:firebase-installations:17.0.1] AndroidManifest.xml:18:13-20:85
186                android:name="com.google.firebase.components:com.google.firebase.installations.FirebaseInstallationsRegistrar"
186-->[com.google.firebase:firebase-installations:17.0.1] AndroidManifest.xml:19:17-127
187                android:value="com.google.firebase.components.ComponentRegistrar" />
187-->[com.google.firebase:firebase-installations:17.0.1] AndroidManifest.xml:20:17-82
188            <meta-data
188-->[com.google.firebase:firebase-datatransport:18.1.4] AndroidManifest.xml:28:13-30:85
189                android:name="com.google.firebase.components:com.google.firebase.datatransport.TransportRegistrar"
189-->[com.google.firebase:firebase-datatransport:18.1.4] AndroidManifest.xml:29:17-115
190                android:value="com.google.firebase.components.ComponentRegistrar" />
190-->[com.google.firebase:firebase-datatransport:18.1.4] AndroidManifest.xml:30:17-82
191            <meta-data
191-->[com.google.firebase:firebase-abt:21.0.1] AndroidManifest.xml:13:13-15:85
192                android:name="com.google.firebase.components:com.google.firebase.abt.component.AbtRegistrar"
192-->[com.google.firebase:firebase-abt:21.0.1] AndroidManifest.xml:14:17-109
193                android:value="com.google.firebase.components.ComponentRegistrar" />
193-->[com.google.firebase:firebase-abt:21.0.1] AndroidManifest.xml:15:17-82
194        </service>
195        <service
195-->[:firebase_messaging] AndroidManifest.xml:14:9-17:72
196            android:name="io.flutter.plugins.firebase.messaging.FlutterFirebaseMessagingBackgroundService"
196-->[:firebase_messaging] AndroidManifest.xml:15:13-107
197            android:exported="false"
197-->[:firebase_messaging] AndroidManifest.xml:16:13-37
198            android:permission="android.permission.BIND_JOB_SERVICE" />
198-->[:firebase_messaging] AndroidManifest.xml:17:13-69
199        <service
199-->[:firebase_messaging] AndroidManifest.xml:18:9-24:19
200            android:name="io.flutter.plugins.firebase.messaging.FlutterFirebaseMessagingService"
200-->[:firebase_messaging] AndroidManifest.xml:19:13-97
201            android:exported="false" >
201-->[:firebase_messaging] AndroidManifest.xml:20:13-37
202            <intent-filter>
202-->[:firebase_messaging] AndroidManifest.xml:21:13-23:29
203                <action android:name="com.google.firebase.MESSAGING_EVENT" />
203-->[:firebase_messaging] AndroidManifest.xml:22:17-78
203-->[:firebase_messaging] AndroidManifest.xml:22:25-75
204            </intent-filter>
205        </service>
206
207        <receiver
207-->[:firebase_messaging] AndroidManifest.xml:26:9-33:20
208            android:name="io.flutter.plugins.firebase.messaging.FlutterFirebaseMessagingReceiver"
208-->[:firebase_messaging] AndroidManifest.xml:27:13-98
209            android:exported="true"
209-->[:firebase_messaging] AndroidManifest.xml:28:13-36
210            android:permission="com.google.android.c2dm.permission.SEND" >
210-->[:firebase_messaging] AndroidManifest.xml:29:13-73
211            <intent-filter>
211-->[:firebase_messaging] AndroidManifest.xml:30:13-32:29
212                <action android:name="com.google.android.c2dm.intent.RECEIVE" />
212-->[:firebase_messaging] AndroidManifest.xml:31:17-81
212-->[:firebase_messaging] AndroidManifest.xml:31:25-78
213            </intent-filter>
214        </receiver>
215
216        <provider
216-->[:firebase_messaging] AndroidManifest.xml:41:9-45:38
217            android:name="io.flutter.plugins.firebase.messaging.FlutterFirebaseMessagingInitProvider"
217-->[:firebase_messaging] AndroidManifest.xml:42:13-102
218            android:authorities="com.forever52.mobile.flutterfirebasemessaginginitprovider"
218-->[:firebase_messaging] AndroidManifest.xml:43:13-88
219            android:exported="false"
219-->[:firebase_messaging] AndroidManifest.xml:44:13-37
220            android:initOrder="99" />
220-->[:firebase_messaging] AndroidManifest.xml:45:13-35
221
222        <activity
222-->[:url_launcher_android] AndroidManifest.xml:10:9-13:74
223            android:name="io.flutter.plugins.urllauncher.WebViewActivity"
223-->[:url_launcher_android] AndroidManifest.xml:11:13-74
224            android:exported="false"
224-->[:url_launcher_android] AndroidManifest.xml:12:13-37
225            android:theme="@android:style/Theme.NoTitleBar.Fullscreen" />
225-->[:url_launcher_android] AndroidManifest.xml:13:13-71
226        <activity
226-->[:flutter_inappwebview] AndroidManifest.xml:16:9-20:47
227            android:name="com.pichillilorenzo.flutter_inappwebview.in_app_browser.InAppBrowserActivity"
227-->[:flutter_inappwebview] AndroidManifest.xml:17:13-104
228            android:configChanges="orientation|keyboardHidden|keyboard|screenSize|locale|layoutDirection|fontScale|screenLayout|density"
228-->[:flutter_inappwebview] AndroidManifest.xml:18:13-137
229            android:exported="true"
229-->[:flutter_inappwebview] AndroidManifest.xml:19:13-36
230            android:theme="@style/AppTheme" />
230-->[:flutter_inappwebview] AndroidManifest.xml:20:13-44
231        <activity
231-->[:flutter_inappwebview] AndroidManifest.xml:21:9-24:55
232            android:name="com.pichillilorenzo.flutter_inappwebview.chrome_custom_tabs.ChromeCustomTabsActivity"
232-->[:flutter_inappwebview] AndroidManifest.xml:22:13-112
233            android:exported="true"
233-->[:flutter_inappwebview] AndroidManifest.xml:23:13-36
234            android:theme="@style/ThemeTransparent" />
234-->[:flutter_inappwebview] AndroidManifest.xml:24:13-52
235        <activity
235-->[:flutter_inappwebview] AndroidManifest.xml:25:9-28:55
236            android:name="com.pichillilorenzo.flutter_inappwebview.chrome_custom_tabs.TrustedWebActivity"
236-->[:flutter_inappwebview] AndroidManifest.xml:26:13-106
237            android:exported="true"
237-->[:flutter_inappwebview] AndroidManifest.xml:27:13-36
238            android:theme="@style/ThemeTransparent" />
238-->[:flutter_inappwebview] AndroidManifest.xml:28:13-52
239        <activity
239-->[:flutter_inappwebview] AndroidManifest.xml:29:9-33:55
240            android:name="com.pichillilorenzo.flutter_inappwebview.chrome_custom_tabs.ChromeCustomTabsActivitySingleInstance"
240-->[:flutter_inappwebview] AndroidManifest.xml:30:13-126
241            android:exported="true"
241-->[:flutter_inappwebview] AndroidManifest.xml:31:13-36
242            android:launchMode="singleInstance"
242-->[:flutter_inappwebview] AndroidManifest.xml:32:13-48
243            android:theme="@style/ThemeTransparent" />
243-->[:flutter_inappwebview] AndroidManifest.xml:33:13-52
244        <activity
244-->[:flutter_inappwebview] AndroidManifest.xml:34:9-38:55
245            android:name="com.pichillilorenzo.flutter_inappwebview.chrome_custom_tabs.TrustedWebActivitySingleInstance"
245-->[:flutter_inappwebview] AndroidManifest.xml:35:13-120
246            android:exported="true"
246-->[:flutter_inappwebview] AndroidManifest.xml:36:13-36
247            android:launchMode="singleInstance"
247-->[:flutter_inappwebview] AndroidManifest.xml:37:13-48
248            android:theme="@style/ThemeTransparent" />
248-->[:flutter_inappwebview] AndroidManifest.xml:38:13-52
249
250        <receiver
250-->[:flutter_inappwebview] AndroidManifest.xml:40:9-43:40
251            android:name="com.pichillilorenzo.flutter_inappwebview.chrome_custom_tabs.ActionBroadcastReceiver"
251-->[:flutter_inappwebview] AndroidManifest.xml:41:13-111
252            android:enabled="true"
252-->[:flutter_inappwebview] AndroidManifest.xml:42:13-35
253            android:exported="false" />
253-->[:flutter_inappwebview] AndroidManifest.xml:43:13-37
254
255        <meta-data
255-->[:flutter_inappwebview] AndroidManifest.xml:45:9-47:36
256            android:name="io.flutter.embedded_views_preview"
256-->[:flutter_inappwebview] AndroidManifest.xml:46:13-61
257            android:value="true" />
257-->[:flutter_inappwebview] AndroidManifest.xml:47:13-33
258
259        <provider
259-->[:share_plus] AndroidManifest.xml:10:9-18:20
260            android:name="dev.fluttercommunity.plus.share.ShareFileProvider"
260-->[:share_plus] AndroidManifest.xml:11:13-77
261            android:authorities="com.forever52.mobile.flutter.share_provider"
261-->[:share_plus] AndroidManifest.xml:12:13-74
262            android:exported="false"
262-->[:share_plus] AndroidManifest.xml:13:13-37
263            android:grantUriPermissions="true" >
263-->[:share_plus] AndroidManifest.xml:14:13-47
264            <meta-data
264-->[:share_plus] AndroidManifest.xml:15:13-17:68
265                android:name="android.support.FILE_PROVIDER_PATHS"
265-->[:share_plus] AndroidManifest.xml:16:17-67
266                android:resource="@xml/flutter_share_file_paths" />
266-->[:share_plus] AndroidManifest.xml:17:17-65
267        </provider>
268
269        <receiver
269-->[com.onesignal:OneSignal:4.7.3] AndroidManifest.xml:49:9-60:20
270            android:name="com.onesignal.FCMBroadcastReceiver"
270-->[com.onesignal:OneSignal:4.7.3] AndroidManifest.xml:50:13-62